<?xml version="1.0" encoding="UTF-8"?>
<!-- Generated by org.testng.reporters.JUnitXMLReporter -->
<testsuite ignored="0" hostname="Dell" failures="1" tests="1" name="Test" time="25.971" errors="0" timestamp="2022-10-13T17:14:16 IST">
  <testcase classname="ListnerTestNg.Task1" name="practice" time="25.664">
    <failure type="java.lang.AssertionError" message="expected [Enter Time-Track] but found [Enter Time]">
      <![CDATA[java.lang.AssertionError: expected [Enter Time-Track] but found [Enter Time]
at ListnerTestNg.Task1.practice(Task1.java:46)
at java.base/java.util.ArrayList.forEach(ArrayList.java:1511)
... Removed 33 stack frames]]>
    </failure>
  </testcase> <!-- practice -->
</testsuite> <!-- Test -->
